\BOOKMARK [1][-]{section*.1}{\376\377\000A\000b\000s\000t\000r\000a\000c\000t}{}% 1
\BOOKMARK [1][-]{section.1}{\376\377\0001\000\040\000I\000n\000t\000r\000o\000d\000u\000c\000t\000i\000o\000n}{}% 2
\BOOKMARK [1][-]{section.2}{\376\377\0002\000\040\000R\000e\000l\000a\000t\000e\000d\000\040\000W\000o\000r\000k}{}% 3
\BOOKMARK [1][-]{section.3}{\376\377\0003\000\040\000M\000o\000d\000e\000l}{}% 4
\BOOKMARK [2][-]{subsection.3.1}{\376\377\0003\000.\0001\000\040\000P\000r\000o\000b\000l\000e\000m}{section.3}% 5
\BOOKMARK [2][-]{subsection.3.2}{\376\377\0003\000.\0002\000\040\000T\000h\000r\000e\000a\000t\000\040\000M\000o\000d\000e\000l}{section.3}% 6
\BOOKMARK [2][-]{subsection.3.3}{\376\377\0003\000.\0003\000\040\000S\000e\000c\000u\000r\000i\000t\000y\000\040\000G\000o\000a\000l\000s}{section.3}% 7
\BOOKMARK [1][-]{section.4}{\376\377\0004\000\040\000P\000r\000e\000l\000i\000m\000i\000n\000a\000r\000i\000e\000s}{}% 8
\BOOKMARK [1][-]{section.5}{\376\377\0005\000\040\000R\000a\000n\000d\000o\000m\000i\000z\000a\000b\000l\000e\000\040\000S\000e\000t\000\040\000H\000o\000m\000o\000m\000o\000r\000p\000h\000i\000c\000\040\000S\000i\000g\000n\000a\000t\000u\000r\000e}{}% 9
\BOOKMARK [2][-]{subsection.5.1}{\376\377\0005\000.\0001\000\040\000S\000e\000c\000u\000r\000i\000t\000y\000\040\000D\000e\000f\000i\000n\000i\000t\000i\000o\000n}{section.5}% 10
\BOOKMARK [2][-]{subsection.5.2}{\376\377\0005\000.\0002\000\040\000R\000S\000A\000-\000B\000a\000s\000e\000d\000\040\000C\000o\000n\000s\000t\000r\000u\000c\000t\000i\000o\000n}{section.5}% 11
\BOOKMARK [2][-]{subsection.5.3}{\376\377\0005\000.\0003\000\040\000D\000i\000s\000t\000r\000i\000b\000u\000t\000e\000d\000\040\000K\000e\000y\000\040\000G\000e\000n\000e\000r\000a\000t\000i\000o\000n\000\040\000\046\000\040\000S\000i\000g\000n\000i\000n\000g}{section.5}% 12
\BOOKMARK [1][-]{section.6}{\376\377\0006\000\040\000C\000o\000n\000t\000e\000n\000t\000\040\000M\000o\000d\000e\000r\000a\000t\000i\000o\000n\000\040\000w\000i\000t\000h\000\040\000E\000x\000a\000c\000t\000\040\000M\000a\000t\000c\000h\000i\000n\000g}{}% 13
\BOOKMARK [2][-]{subsection.6.1}{\376\377\0006\000.\0001\000\040\000B\000u\000i\000l\000d\000i\000n\000g\000\040\000B\000l\000o\000c\000k\000:\000\040\000A\000u\000t\000h\000e\000n\000t\000i\000c\000a\000t\000e\000d\000\040\000O\000P\000R\000F}{section.6}% 14
\BOOKMARK [2][-]{subsection.6.2}{\376\377\0006\000.\0002\000\040\000P\000r\000o\000t\000o\000c\000o\000l\000\040\000D\000e\000s\000c\000r\000i\000p\000t\000i\000o\000n}{section.6}% 15
\BOOKMARK [1][-]{section.7}{\376\377\0007\000\040\000C\000o\000n\000t\000e\000n\000t\000\040\000M\000o\000d\000e\000r\000a\000t\000i\000o\000n\000\040\000w\000i\000t\000h\000\040\000F\000u\000z\000z\000y\000\040\000M\000a\000t\000c\000h\000i\000n\000g}{}% 16
\BOOKMARK [2][-]{subsection.7.1}{\376\377\0007\000.\0001\000\040\000L\000o\000c\000a\000l\000i\000t\000y\000-\000P\000r\000e\000s\000e\000r\000v\000i\000n\000g\000\040\000F\000i\000n\000g\000e\000r\000p\000r\000i\000n\000t\000s}{section.7}% 17
\BOOKMARK [2][-]{subsection.7.2}{\376\377\0007\000.\0002\000\040\000P\000r\000o\000t\000o\000c\000o\000l\000\040\000D\000e\000s\000c\000r\000i\000p\000t\000i\000o\000n}{section.7}% 18
\BOOKMARK [1][-]{section.8}{\376\377\0008\000\040\000E\000v\000a\000l\000u\000a\000t\000i\000o\000n}{}% 19
\BOOKMARK [2][-]{subsection.8.1}{\376\377\0008\000.\0001\000\040\000E\000x\000a\000c\000t\000\040\000M\000a\000t\000c\000h\000i\000n\000g}{section.8}% 20
\BOOKMARK [2][-]{subsection.8.2}{\376\377\0008\000.\0002\000\040\000F\000u\000z\000z\000y\000\040\000M\000a\000t\000c\000h\000i\000n\000g}{section.8}% 21
\BOOKMARK [1][-]{section.9}{\376\377\0009\000\040\000C\000o\000n\000c\000l\000u\000s\000i\000o\000n}{}% 22
\BOOKMARK [1][-]{section.10}{\376\377\0001\0000\000\040\000E\000t\000h\000i\000c\000a\000l\000\040\000C\000o\000n\000s\000i\000d\000e\000r\000a\000t\000i\000o\000n\000s}{}% 23
\BOOKMARK [1][-]{section*.14}{\376\377\000R\000e\000f\000e\000r\000e\000n\000c\000e\000s}{}% 24
\BOOKMARK [1][-]{section.A}{\376\377\000A\000\040\000O\000p\000e\000n\000\040\000S\000c\000i\000e\000n\000c\000e}{}% 25
\BOOKMARK [1][-]{section.B}{\376\377\000B\000\040\000D\000i\000s\000t\000r\000i\000b\000u\000t\000e\000d\000\040\000S\000i\000g\000n\000a\000t\000u\000r\000e\000s}{}% 26
\BOOKMARK [1][-]{section.C}{\376\377\000C\000\040\000A\000u\000t\000h\000e\000n\000t\000i\000c\000a\000t\000e\000d\000\040\000O\000P\000R\000F}{}% 27
\BOOKMARK [1][-]{section.D}{\376\377\000D\000\040\000S\000e\000c\000u\000r\000i\000t\000y\000\040\000D\000e\000f\000i\000n\000i\000t\000i\000o\000n\000s\000\040}{}% 28
\BOOKMARK [2][-]{subsection.D.1}{\376\377\000D\000.\0001\000\040\000W\000e\000a\000k\000\040\000R\000a\000n\000d\000o\000m\000\040\000K\000e\000y\000\040\000R\000o\000b\000u\000s\000t\000n\000e\000s\000s}{section.D}% 29
\BOOKMARK [2][-]{subsection.D.2}{\376\377\000D\000.\0002\000\040\000P\000s\000e\000u\000d\000o\000r\000a\000n\000d\000o\000m\000\040\000f\000u\000n\000c\000t\000i\000o\000n}{section.D}% 30
\BOOKMARK [1][-]{section.E}{\376\377\000E\000\040\000P\000r\000o\000o\000f\000s\000\040\000f\000o\000r\000\040\000S\000i\000g\000n\000a\000t\000u\000r\000e\000\040\000S\000c\000h\000e\000m\000e\000\040\000i\000n\000\040\000S\000e\000c\000.\000\040\0005}{}% 31
\BOOKMARK [2][-]{subsection.E.1}{\376\377\000E\000.\0001\000\040\000P\000r\000o\000o\000f\000\040\000o\000f\000\040\000U\000n\000f\000o\000r\000g\000e\000a\000b\000i\000l\000i\000t\000y}{section.E}% 32
\BOOKMARK [2][-]{subsection.E.2}{\376\377\000E\000.\0002\000\040\000P\000r\000o\000o\000f\000\040\000o\000f\000\040\000I\000n\000d\000i\000s\000t\000i\000n\000g\000u\000i\000s\000h\000a\000b\000l\000e\000\040\000S\000i\000g\000n\000a\000t\000u\000r\000e\000\040\000u\000n\000d\000e\000r\000\040\000R\000a\000n\000d\000o\000m\000i\000z\000a\000t\000i\000o\000n\000\040\000\050\000I\000N\000D\000-\000S\000R\000\051}{section.E}% 33
\BOOKMARK [2][-]{subsection.E.3}{\376\377\000E\000.\0003\000\040\000P\000r\000o\000o\000f\000\040\000o\000f\000\040\000r\000o\000b\000u\000s\000t\000n\000e\000s\000s\000\040\000t\000o\000\040\000k\000e\000y\000\040\000r\000e\000c\000o\000v\000e\000r\000y}{section.E}% 34
\BOOKMARK [1][-]{section.F}{\376\377\000F\000\040\000P\000r\000o\000o\000f\000s\000\040\000o\000f\000\040\000f\000u\000n\000c\000t\000i\000o\000n\000a\000l\000i\000t\000y}{}% 35
